<?xml version="1.0" encoding="UTF-8"?>
<!-- Generated by org.testng.reporters.JUnitXMLReporter -->
<testsuite ignored="0" hostname="CRAZY-MADMAX" failures="0" tests="4" name="Default test" time="95.676" errors="0" timestamp="2023-02-15T18:06:49 IST">
  <testcase classname="com.mindtree.Runner.Runner" name="RegisterUSer" time="25.236"/>
  <testcase classname="com.mindtree.Runner.Runner" name="SearchFlight" time="18.3"/>
  <testcase classname="com.mindtree.Runner.Runner" name="Login" time="11.485"/>
  <testcase classname="com.mindtree.Runner.Runner" name="Negativedetails" time="10.458"/>
</testsuite> <!-- Default test -->
