<?xml version="1.0" encoding="UTF-8"?>
<!-- Generated by org.testng.reporters.JUnitXMLReporter -->
<testsuite ignored="0" hostname="CRAZY-MADMAX" failures="0" tests="4" name="Test" time="146.5" errors="0" timestamp="2023-02-15T18:13:26 IST">
  <testcase classname="com.mindtree.Runner.Runner" name="RegisterUSer" time="43.564"/>
  <testcase classname="com.mindtree.Runner.Runner" name="SearchFlight" time="35.134"/>
  <testcase classname="com.mindtree.Runner.Runner" name="Login" time="14.323"/>
  <testcase classname="com.mindtree.Runner.Runner" name="Negativedetails" time="10.707"/>
</testsuite> <!-- Test -->
