<?xml version="1.0" encoding="UTF-8"?>
<!-- Generated by org.testng.reporters.JUnitXMLReporter -->
<testsuite ignored="0" hostname="CRAZY-MADMAX" failures="0" tests="4" name="Test" time="111.893" errors="0" timestamp="2023-02-15T22:30:16 IST">
  <testcase classname="com.mindtree.Runner.Runner" name="RegisterUSer" time="26.34"/>
  <testcase classname="com.mindtree.Runner.Runner" name="SearchFlight" time="27.607"/>
  <testcase classname="com.mindtree.Runner.Runner" name="Login" time="15.717"/>
  <testcase classname="com.mindtree.Runner.Runner" name="Negativedetails" time="12.118"/>
</testsuite> <!-- Test -->
