<?xml version="1.0" encoding="UTF-8"?>
<testng-results ignored="0" total="4" passed="4" failed="0" skipped="0">
  <reporter-output>
  </reporter-output>
  <suite started-at="2023-02-15T22:28:23 IST" name="Suite" finished-at="2023-02-15T22:30:14 IST" duration-ms="111893">
    <groups>
    </groups>
    <test started-at="2023-02-15T22:28:23 IST" name="Test" finished-at="2023-02-15T22:30:14 IST" duration-ms="111893">
      <class name="com.mindtree.Runner.Runner">
        <test-method is-config="true" signature="setup()[pri:0, instance:com.mindtree.Runner.Runner@3527942a]" started-at="2023-02-15T22:28:23 IST" name="setup" finished-at="2023-02-15T22:28:31 IST" duration-ms="8258" status="PASS">
          <reporter-output>
          </reporter-output>
        </test-method> <!-- setup -->
        <test-method signature="RegisterUSer()[pri:1, instance:com.mindtree.Runner.Runner@3527942a]" started-at="2023-02-15T22:28:31 IST" name="RegisterUSer" finished-at="2023-02-15T22:28:57 IST" duration-ms="26340" status="PASS">
          <reporter-output>
          </reporter-output>
        </test-method> <!-- RegisterUSer -->
        <test-method signature="SearchFlight()[pri:2, instance:com.mindtree.Runner.Runner@3527942a]" started-at="2023-02-15T22:28:57 IST" name="SearchFlight" finished-at="2023-02-15T22:29:25 IST" duration-ms="27607" status="PASS">
          <reporter-output>
          </reporter-output>
        </test-method> <!-- SearchFlight -->
        <test-method signature="Login(java.lang.String)[pri:3, instance:com.mindtree.Runner.Runner@3527942a]" started-at="2023-02-15T22:29:42 IST" name="Login" data-provider="login" finished-at="2023-02-15T22:29:58 IST" duration-ms="15717" status="PASS">
          <params>
            <param index="0">
              <value>
                <![CDATA[gnanamuthugmg@gmail.com]]>
              </value>
            </param>
          </params>
          <reporter-output>
          </reporter-output>
        </test-method> <!-- Login -->
        <test-method signature="Negativedetails()[pri:4, instance:com.mindtree.Runner.Runner@3527942a]" started-at="2023-02-15T22:29:58 IST" name="Negativedetails" finished-at="2023-02-15T22:30:10 IST" duration-ms="12118" status="PASS">
          <reporter-output>
          </reporter-output>
        </test-method> <!-- Negativedetails -->
        <test-method is-config="true" signature="tearDown()[pri:0, instance:com.mindtree.Runner.Runner@3527942a]" started-at="2023-02-15T22:30:10 IST" name="tearDown" finished-at="2023-02-15T22:30:14 IST" duration-ms="4462" status="PASS">
          <reporter-output>
          </reporter-output>
        </test-method> <!-- tearDown -->
        <test-method is-config="true" signature="test()[pri:0, instance:com.mindtree.Runner.Runner@3527942a]" started-at="2023-02-15T22:30:16 IST" name="test" finished-at="2023-02-15T22:30:30 IST" duration-ms="13454" status="PASS">
          <reporter-output>
          </reporter-output>
        </test-method> <!-- test -->
      </class> <!-- com.mindtree.Runner.Runner -->
    </test> <!-- Test -->
  </suite> <!-- Suite -->
</testng-results>
