<?xml version="1.0" encoding="UTF-8"?>
<testsuite xmlns:xsi="http://www.w3.org/2001/XMLSchema-instance" xsi:noNamespaceSchemaLocation="https://maven.apache.org/surefire/maven-surefire-plugin/xsd/surefire-test-report.xsd" name="TestSuite" time="132.072" tests="4" errors="0" skipped="0" failures="0">
  <properties>
[...]
</properties>
  <testcase name="RegisterUSer" classname="com.mindtree.Runner.Runner" time="26.432"/>
  <testcase name="SearchFlight" classname="com.mindtree.Runner.Runner" time="27.609"/>
  <testcase name="Login" classname="com.mindtree.Runner.Runner" time="15.721"/>
  <testcase name="Negativedetails" classname="com.mindtree.Runner.Runner" time="12.118"/>
</testsuite>